Build started 2018/3/8 23:55:11.
     1>Project "C:\Users\DELL\Desktop\csci3260_asg3\csci3260_asg3\csci3260_asg3.vcxproj" on node 2 (Build target(s)).
     1>ClCompile:
         D:\visual studio\VC\bin\x86_amd64\CL.exe /c /ZI /nologo /W3 /WX- /sdl /Od /D _CRT_SECURE_NO_WARNINGS /D _MBCS /Gm /EHsc /RTC1 /MDd /GS /fp:precise /Zc:wchar_t /Zc:forScope /Zc:inline /Fo"x64\Debug\\" /Fd"x64\Debug\vc140.pdb" /Gd /TP /errorReport:prompt Bind_Data.cpp Loading_func.cpp shader_install.cpp submit.cpp
         submit.cpp
     1>c:\users\dell\desktop\csci3260_asg3\csci3260_asg3\dependencies\glui\glui.h(871): warning C4244: 'argument': conversion from 'double' to 'GLfloat', possible loss of data
     1>c:\users\dell\desktop\csci3260_asg3\csci3260_asg3\submit.cpp(102): warning C4305: 'initializing': truncation from 'double' to 'float'
     1>c:\users\dell\desktop\csci3260_asg3\csci3260_asg3\submit.cpp(769): warning C4305: 'initializing': truncation from 'double' to 'float'
     1>c:\users\dell\desktop\csci3260_asg3\csci3260_asg3\submit.cpp(776): warning C4305: '+=': truncation from 'double' to 'float'
     1>c:\users\dell\desktop\csci3260_asg3\csci3260_asg3\submit.cpp(1093): warning C4305: '+=': truncation from 'double' to 'float'
     1>c:\users\dell\desktop\csci3260_asg3\csci3260_asg3\submit.cpp(1094): warning C4305: '+=': truncation from 'double' to 'float'
     1>c:\users\dell\desktop\csci3260_asg3\csci3260_asg3\submit.cpp(1114): warning C4244: 'argument': conversion from 'float' to 'unsigned int', possible loss of data
     1>c:\users\dell\desktop\csci3260_asg3\csci3260_asg3\submit.cpp(1125): warning C4244: 'initializing': conversion from 'double' to 'float', possible loss of data
     1>c:\users\dell\desktop\csci3260_asg3\csci3260_asg3\submit.cpp(1156): warning C4244: '=': conversion from 'double' to 'int', possible loss of data
     1>c:\users\dell\desktop\csci3260_asg3\csci3260_asg3\submit.cpp(1180): warning C4244: 'argument': conversion from 'float' to 'unsigned int', possible loss of data
         shader_install.cpp
         Loading_func.cpp
         Bind_Data.cpp
     1>c:\users\dell\desktop\csci3260_asg3\csci3260_asg3\bind_data.cpp(66): warning C4267: '=': conversion from 'size_t' to 'int', possible loss of data
     1>c:\users\dell\desktop\csci3260_asg3\csci3260_asg3\bind_data.cpp(108): warning C4267: '=': conversion from 'size_t' to 'int', possible loss of data
     1>c:\users\dell\desktop\csci3260_asg3\csci3260_asg3\bind_data.cpp(151): warning C4267: '=': conversion from 'size_t' to 'int', possible loss of data
     1>c:\users\dell\desktop\csci3260_asg3\csci3260_asg3\bind_data.cpp(193): warning C4267: '=': conversion from 'size_t' to 'int', possible loss of data
     1>c:\users\dell\desktop\csci3260_asg3\csci3260_asg3\bind_data.cpp(236): warning C4267: '=': conversion from 'size_t' to 'int', possible loss of data
     1>c:\users\dell\desktop\csci3260_asg3\csci3260_asg3\bind_data.cpp(281): warning C4267: '=': conversion from 'size_t' to 'int', possible loss of data
     1>c:\users\dell\desktop\csci3260_asg3\csci3260_asg3\bind_data.cpp(292): warning C4018: '<': signed/unsigned mismatch
     1>c:\users\dell\desktop\csci3260_asg3\csci3260_asg3\bind_data.cpp(307): warning C4244: 'initializing': conversion from 'double' to 'GLfloat', possible loss of data
     1>c:\users\dell\desktop\csci3260_asg3\csci3260_asg3\bind_data.cpp(310): warning C4244: 'initializing': conversion from 'int' to 'GLfloat', possible loss of data
     1>c:\users\dell\desktop\csci3260_asg3\csci3260_asg3\bind_data.cpp(384): warning C4267: '=': conversion from 'size_t' to 'int', possible loss of data
         Generating Code...
     1>c:\users\dell\desktop\csci3260_asg3\csci3260_asg3\loading_func.cpp(192): warning C4715: 'loadBMP_Data': not all control paths return a value
       Link:
         D:\visual studio\VC\bin\x86_amd64\link.exe /ERRORREPORT:PROMPT /OUT:"C:\Users\DELL\Desktop\csci3260_asg3\x64\Debug\csci3260_asg3.exe" /INCREMENTAL /NOLOGO /LIBPATH:C:\Users\DELL\Desktop\csci3260_asg3\csci3260_asg3\Dependencies\glui /LIBPATH:C:\Users\DELL\Desktop\csci3260_asg3\csci3260_asg3\Dependencies\irr /LIBPATH:C:\Users\DELL\Desktop\csci3260_asg3\csci3260_asg3\Dependencies\glm /LIBPATH:C:\Users\DELL\Desktop\csci3260_asg3\csci3260_asg3\Dependencies\glew /LIBPATH:C:\Users\DELL\Desktop\csci3260_asg3\csci3260_asg3\Dependencies\freeglut opengl32.lib freeglut.lib glew32.lib irrKlang.lib glui32.lib kernel32.lib user32.lib gdi32.lib winspool.lib comdlg32.lib advapi32.lib shell32.lib ole32.lib oleaut32.lib uuid.lib odbc32.lib odbccp32.lib /MANIFEST /MANIFESTUAC:"level='asInvoker' uiAccess='false'" /manifest:embed /Debug /PDB:"C:\Users\DELL\Desktop\csci3260_asg3\x64\Debug\csci3260_asg3.pdb" /TLBID:1 /DYNAMICBASE /NXCOMPAT /IMPLIB:"C:\Users\DELL\Desktop\csci3260_asg3\x64\Debug\csci3260_asg3.lib" /MACHINE:X64 x64\Debug\Bind_Data.obj
         x64\Debug\Loading_func.obj
         x64\Debug\shader_install.obj
         x64\Debug\submit.obj
     1>glui32.lib(algebra3.obj) : warning LNK4099: PDB '_glui library.pdb' was not found with 'glui32.lib(algebra3.obj)' or at 'C:\Users\DELL\Desktop\csci3260_asg3\x64\Debug\_glui library.pdb'; linking object as if no debug info
     1>glui32.lib(arcball.obj) : warning LNK4099: PDB '_glui library.pdb' was not found with 'glui32.lib(arcball.obj)' or at 'C:\Users\DELL\Desktop\csci3260_asg3\x64\Debug\_glui library.pdb'; linking object as if no debug info
     1>glui32.lib(glui.obj) : warning LNK4099: PDB '_glui library.pdb' was not found with 'glui32.lib(glui.obj)' or at 'C:\Users\DELL\Desktop\csci3260_asg3\x64\Debug\_glui library.pdb'; linking object as if no debug info
     1>glui32.lib(glui_add_controls.obj) : warning LNK4099: PDB '_glui library.pdb' was not found with 'glui32.lib(glui_add_controls.obj)' or at 'C:\Users\DELL\Desktop\csci3260_asg3\x64\Debug\_glui library.pdb'; linking object as if no debug info
     1>glui32.lib(glui_bitmaps.obj) : warning LNK4099: PDB '_glui library.pdb' was not found with 'glui32.lib(glui_bitmaps.obj)' or at 'C:\Users\DELL\Desktop\csci3260_asg3\x64\Debug\_glui library.pdb'; linking object as if no debug info
     1>glui32.lib(glui_bitmap_img_data.obj) : warning LNK4099: PDB '_glui library.pdb' was not found with 'glui32.lib(glui_bitmap_img_data.obj)' or at 'C:\Users\DELL\Desktop\csci3260_asg3\x64\Debug\_glui library.pdb'; linking object as if no debug info
     1>glui32.lib(glui_button.obj) : warning LNK4099: PDB '_glui library.pdb' was not found with 'glui32.lib(glui_button.obj)' or at 'C:\Users\DELL\Desktop\csci3260_asg3\x64\Debug\_glui library.pdb'; linking object as if no debug info
     1>glui32.lib(glui_checkbox.obj) : warning LNK4099: PDB '_glui library.pdb' was not found with 'glui32.lib(glui_checkbox.obj)' or at 'C:\Users\DELL\Desktop\csci3260_asg3\x64\Debug\_glui library.pdb'; linking object as if no debug info
     1>glui32.lib(glui_column.obj) : warning LNK4099: PDB '_glui library.pdb' was not found with 'glui32.lib(glui_column.obj)' or at 'C:\Users\DELL\Desktop\csci3260_asg3\x64\Debug\_glui library.pdb'; linking object as if no debug info
     1>glui32.lib(glui_control.obj) : warning LNK4099: PDB '_glui library.pdb' was not found with 'glui32.lib(glui_control.obj)' or at 'C:\Users\DELL\Desktop\csci3260_asg3\x64\Debug\_glui library.pdb'; linking object as if no debug info
     1>glui32.lib(glui_edittext.obj) : warning LNK4099: PDB '_glui library.pdb' was not found with 'glui32.lib(glui_edittext.obj)' or at 'C:\Users\DELL\Desktop\csci3260_asg3\x64\Debug\_glui library.pdb'; linking object as if no debug info
     1>glui32.lib(glui_listbox.obj) : warning LNK4099: PDB '_glui library.pdb' was not found with 'glui32.lib(glui_listbox.obj)' or at 'C:\Users\DELL\Desktop\csci3260_asg3\x64\Debug\_glui library.pdb'; linking object as if no debug info
     1>glui32.lib(glui_mouse_iaction.obj) : warning LNK4099: PDB '_glui library.pdb' was not found with 'glui32.lib(glui_mouse_iaction.obj)' or at 'C:\Users\DELL\Desktop\csci3260_asg3\x64\Debug\_glui library.pdb'; linking object as if no debug info
     1>glui32.lib(glui_node.obj) : warning LNK4099: PDB '_glui library.pdb' was not found with 'glui32.lib(glui_node.obj)' or at 'C:\Users\DELL\Desktop\csci3260_asg3\x64\Debug\_glui library.pdb'; linking object as if no debug info
     1>glui32.lib(glui_panel.obj) : warning LNK4099: PDB '_glui library.pdb' was not found with 'glui32.lib(glui_panel.obj)' or at 'C:\Users\DELL\Desktop\csci3260_asg3\x64\Debug\_glui library.pdb'; linking object as if no debug info
     1>glui32.lib(glui_radio.obj) : warning LNK4099: PDB '_glui library.pdb' was not found with 'glui32.lib(glui_radio.obj)' or at 'C:\Users\DELL\Desktop\csci3260_asg3\x64\Debug\_glui library.pdb'; linking object as if no debug info
     1>glui32.lib(glui_rollout.obj) : warning LNK4099: PDB '_glui library.pdb' was not found with 'glui32.lib(glui_rollout.obj)' or at 'C:\Users\DELL\Desktop\csci3260_asg3\x64\Debug\_glui library.pdb'; linking object as if no debug info
     1>glui32.lib(glui_rotation.obj) : warning LNK4099: PDB '_glui library.pdb' was not found with 'glui32.lib(glui_rotation.obj)' or at 'C:\Users\DELL\Desktop\csci3260_asg3\x64\Debug\_glui library.pdb'; linking object as if no debug info
     1>glui32.lib(glui_separator.obj) : warning LNK4099: PDB '_glui library.pdb' was not found with 'glui32.lib(glui_separator.obj)' or at 'C:\Users\DELL\Desktop\csci3260_asg3\x64\Debug\_glui library.pdb'; linking object as if no debug info
     1>glui32.lib(glui_spinner.obj) : warning LNK4099: PDB '_glui library.pdb' was not found with 'glui32.lib(glui_spinner.obj)' or at 'C:\Users\DELL\Desktop\csci3260_asg3\x64\Debug\_glui library.pdb'; linking object as if no debug info
     1>glui32.lib(glui_statictext.obj) : warning LNK4099: PDB '_glui library.pdb' was not found with 'glui32.lib(glui_statictext.obj)' or at 'C:\Users\DELL\Desktop\csci3260_asg3\x64\Debug\_glui library.pdb'; linking object as if no debug info
     1>glui32.lib(glui_string.obj) : warning LNK4099: PDB '_glui library.pdb' was not found with 'glui32.lib(glui_string.obj)' or at 'C:\Users\DELL\Desktop\csci3260_asg3\x64\Debug\_glui library.pdb'; linking object as if no debug info
     1>glui32.lib(glui_translation.obj) : warning LNK4099: PDB '_glui library.pdb' was not found with 'glui32.lib(glui_translation.obj)' or at 'C:\Users\DELL\Desktop\csci3260_asg3\x64\Debug\_glui library.pdb'; linking object as if no debug info
     1>glui32.lib(glui_window.obj) : warning LNK4099: PDB '_glui library.pdb' was not found with 'glui32.lib(glui_window.obj)' or at 'C:\Users\DELL\Desktop\csci3260_asg3\x64\Debug\_glui library.pdb'; linking object as if no debug info
     1>glui32.lib(quaternion.obj) : warning LNK4099: PDB '_glui library.pdb' was not found with 'glui32.lib(quaternion.obj)' or at 'C:\Users\DELL\Desktop\csci3260_asg3\x64\Debug\_glui library.pdb'; linking object as if no debug info
         csci3260_asg3.vcxproj -> C:\Users\DELL\Desktop\csci3260_asg3\x64\Debug\csci3260_asg3.exe
     1>Done Building Project "C:\Users\DELL\Desktop\csci3260_asg3\csci3260_asg3\csci3260_asg3.vcxproj" (Build target(s)).

Build succeeded.

Time Elapsed 00:00:07.61
